Started by user Prathiba
Obtained Jenkinsfile from git https://github.com/prathi2n/wizdesk.git
[Pipeline] Start of Pipeline
[Pipeline] node
Running on Jenkins in /var/lib/jenkins/workspace/take-home-jenkins-pipeline
[Pipeline] {
[Pipeline] stage
[Pipeline] { (Declarative: Checkout SCM)
[Pipeline] checkout
Selected Git installation does not exist. Using Default
The recommended git tool is: NONE
using credential git-credential-id
Cloning the remote Git repository
Cloning repository https://github.com/prathi2n/wizdesk.git
 > git init /var/lib/jenkins/workspace/take-home-jenkins-pipeline # timeout=10
Fetching upstream changes from https://github.com/prathi2n/wizdesk.git
 > git --version # timeout=10
 > git --version # 'git version 2.40.1'
using GIT_ASKPASS to set credentials Git Credentials
 > git fetch --tags --force --progress -- https://github.com/prathi2n/wizdesk.git +refs/heads/*:refs/remotes/origin/* # timeout=10
 > git config remote.origin.url https://github.com/prathi2n/wizdesk.git # timeout=10
 > git config --add remote.origin.fetch +refs/heads/*:refs/remotes/origin/* # timeout=10
Avoid second fetch
 > git rev-parse refs/remotes/origin/main^{commit} # timeout=10
Checking out Revision a0ca520a1303f7638114ca1e359bedf26d8f28a0 (refs/remotes/origin/main)
 > git config core.sparsecheckout # timeout=10
 > git checkout -f a0ca520a1303f7638114ca1e359bedf26d8f28a0 # timeout=10
Commit message: "Testing"
 > git rev-list --no-walk 4efdff0aa18af881c87a19acca199c79fdb838e6 # timeout=10
[Pipeline] }
[Pipeline] // stage
[Pipeline] withEnv
[Pipeline] {
[Pipeline] withCredentials
Masking supported pattern matches of $KUBECONFIG
[Pipeline] {
[Pipeline] withEnv
[Pipeline] {
[Pipeline] stage
[Pipeline] { (Declarative: Tool Install)
[Pipeline] tool
[Pipeline] envVarsForTool
[Pipeline] }
[Pipeline] // stage
[Pipeline] withEnv
[Pipeline] {
[Pipeline] stage
[Pipeline] { (Checkout)
[Pipeline] tool
[Pipeline] envVarsForTool
[Pipeline] withEnv
[Pipeline] {
[Pipeline] git
Selected Git installation does not exist. Using Default
The recommended git tool is: NONE
using credential git-credential-id
 > git rev-parse --resolve-git-dir /var/lib/jenkins/workspace/take-home-jenkins-pipeline/.git # timeout=10
Fetching changes from the remote Git repository
 > git config remote.origin.url https://github.com/prathi2n/wizdesk # timeout=10
Fetching upstream changes from https://github.com/prathi2n/wizdesk
 > git --version # timeout=10
 > git --version # 'git version 2.40.1'
using GIT_ASKPASS to set credentials Git Credentials
 > git fetch --tags --force --progress -- https://github.com/prathi2n/wizdesk +refs/heads/*:refs/remotes/origin/* # timeout=10
 > git rev-parse refs/remotes/origin/main^{commit} # timeout=10
Checking out Revision a0ca520a1303f7638114ca1e359bedf26d8f28a0 (refs/remotes/origin/main)
 > git config core.sparsecheckout # timeout=10
 > git checkout -f a0ca520a1303f7638114ca1e359bedf26d8f28a0 # timeout=10
 > git branch -a -v --no-abbrev # timeout=10
 > git checkout -b main a0ca520a1303f7638114ca1e359bedf26d8f28a0 # timeout=10
Commit message: "Testing"
[Pipeline] }
[Pipeline] // withEnv
[Pipeline] }
[Pipeline] // stage
[Pipeline] stage
[Pipeline] { (Build)
[Pipeline] tool
[Pipeline] envVarsForTool
[Pipeline] withEnv
[Pipeline] {
[Pipeline] sh
+ npm install
npm WARN EBADENGINE Unsupported engine {
npm WARN EBADENGINE   package: '@testing-library/dom@10.3.0',
npm WARN EBADENGINE   required: { node: '>=18' },
npm WARN EBADENGINE   current: { node: 'v16.20.2', npm: '8.19.4' }
npm WARN EBADENGINE }
npm WARN deprecated inflight@1.0.6: This module is not supported, and leaks memory. Do not use it. Check out lru-cache if you want a good and tested way to coalesce async requests by a key value, which is much more comprehensive and powerful.
npm WARN deprecated @babel/plugin-proposal-unicode-property-regex@7.18.6: This proposal has been merged to the ECMAScript standard and thus this plugin is no longer maintained. Please use @babel/plugin-transform-unicode-property-regex instead.
npm WARN deprecated @babel/plugin-proposal-optional-catch-binding@7.18.6: This proposal has been merged to the ECMAScript standard and thus this plugin is no longer maintained. Please use @babel/plugin-transform-optional-catch-binding instead.
npm WARN deprecated @babel/plugin-proposal-json-strings@7.18.6: This proposal has been merged to the ECMAScript standard and thus this plugin is no longer maintained. Please use @babel/plugin-transform-json-strings instead.
npm WARN deprecated @babel/plugin-proposal-dynamic-import@7.18.6: This proposal has been merged to the ECMAScript standard and thus this plugin is no longer maintained. Please use @babel/plugin-transform-dynamic-import instead.
npm WARN deprecated move-concurrently@1.0.1: This package is no longer supported.
npm WARN deprecated stable@0.1.8: Modern JS already guarantees Array#sort() is a stable sort, so this library is deprecated. See the compatibility table on MDN: https://developer.mozilla.org/en-US/docs/Web/JavaScript/Reference/Global_Objects/Array/sort#browser_compatibility
npm WARN deprecated source-map-url@0.4.1: See https://github.com/lydell/source-map-url#deprecated
npm WARN deprecated flatten@1.0.3: flatten is deprecated in favor of utility frameworks such as lodash.
npm WARN deprecated @babel/plugin-proposal-optional-chaining@7.9.0: This proposal has been merged to the ECMAScript standard and thus this plugin is no longer maintained. Please use @babel/plugin-transform-optional-chaining instead.
npm WARN deprecated @babel/plugin-proposal-numeric-separator@7.8.3: This proposal has been merged to the ECMAScript standard and thus this plugin is no longer maintained. Please use @babel/plugin-transform-numeric-separator instead.
npm WARN deprecated @babel/plugin-proposal-nullish-coalescing-operator@7.8.3: This proposal has been merged to the ECMAScript standard and thus this plugin is no longer maintained. Please use @babel/plugin-transform-nullish-coalescing-operator instead.
npm WARN deprecated @babel/plugin-proposal-class-properties@7.8.3: This proposal has been merged to the ECMAScript standard and thus this plugin is no longer maintained. Please use @babel/plugin-transform-class-properties instead.
npm WARN deprecated babel-preset-es2015@6.24.1: 🙌  Thanks for using Babel: we recommend using babel-preset-env now: please read https://babeljs.io/env to update!
npm WARN deprecated @hapi/topo@3.1.6: This version has been deprecated and is no longer supported or maintained
npm WARN deprecated @hapi/bourne@1.3.2: This version has been deprecated and is no longer supported or maintained
npm WARN deprecated figgy-pudding@3.5.2: This module is no longer supported.
npm WARN deprecated request-promise-native@1.0.9: request-promise-native has been deprecated because it extends the now deprecated request package, see https://github.com/request/request/issues/3142
npm WARN deprecated rimraf@2.6.3: Rimraf versions prior to v4 are no longer supported
npm WARN deprecated rimraf@2.7.1: Rimraf versions prior to v4 are no longer supported
npm WARN deprecated urix@0.1.0: Please see https://github.com/lydell/urix#deprecated
npm WARN deprecated har-validator@5.1.5: this library is no longer supported
npm WARN deprecated @babel/plugin-proposal-async-generator-functions@7.20.7: This proposal has been merged to the ECMAScript standard and thus this plugin is no longer maintained. Please use @babel/plugin-transform-async-generator-functions instead.
npm WARN deprecated copy-concurrently@1.0.5: This package is no longer supported.
npm WARN deprecated abab@2.0.6: Use your platform's native atob() and btoa() methods instead
npm WARN deprecated domexception@1.0.1: Use your platform's native DOMException instead
npm WARN deprecated resolve-url@0.2.1: https://github.com/lydell/resolve-url#deprecated
npm WARN deprecated glob@7.2.3: Glob versions prior to v9 are no longer supported
npm WARN deprecated @babel/plugin-proposal-object-rest-spread@7.20.7: This proposal has been merged to the ECMAScript standard and thus this plugin is no longer maintained. Please use @babel/plugin-transform-object-rest-spread instead.
npm WARN deprecated source-map-resolve@0.5.3: See https://github.com/lydell/source-map-resolve#deprecated
npm WARN deprecated left-pad@1.3.0: use String.prototype.padStart()
npm WARN deprecated w3c-hr-time@1.0.2: Use your platform's native performance.now() and performance.timeOrigin.
npm WARN deprecated q@1.5.1: You or someone you depend on is using Q, the JavaScript Promise library that gave JavaScript developers strong feelings about promises. They can almost certainly migrate to the native JavaScript promise now. Thank you literally everyone for joining me in this bet against the odds. Be excellent to each other.
npm WARN deprecated 
npm WARN deprecated (For a CapTP with native promises, see @endo/eventual-send and @endo/captp)
npm WARN deprecated fs-write-stream-atomic@1.0.10: This package is no longer supported.
npm WARN deprecated sane@4.1.0: some dependency vulnerabilities fixed, support for node < 10 dropped, and newer ECMAScript syntax/features added
npm WARN deprecated eslint-loader@3.0.3: This loader has been deprecated. Please use eslint-webpack-plugin
npm WARN deprecated chokidar@2.1.8: Chokidar 2 does not receive security updates since 2019. Upgrade to chokidar 3 with 15x fewer dependencies
npm WARN deprecated chokidar@2.1.8: Chokidar 2 does not receive security updates since 2019. Upgrade to chokidar 3 with 15x fewer dependencies
npm WARN deprecated workbox-google-analytics@4.3.1: It is not compatible with newer versions of GA starting with v4, as long as you are using GAv3 it should be ok, but the package is not longer being maintained
npm WARN deprecated babel-eslint@10.1.0: babel-eslint is now @babel/eslint-parser. This package will no longer receive updates.
npm WARN deprecated @hapi/address@2.1.4: Moved to 'npm install @sideway/address'
npm WARN deprecated html-webpack-plugin@4.0.0-beta.11: please switch to a stable version
npm WARN deprecated uuid@3.4.0: Please upgrade  to version 7 or higher.  Older versions may use Math.random() in certain circumstances, which is known to be problematic.  See https://v8.dev/blog/math-random for details.
npm WARN deprecated uuid@3.4.0: Please upgrade  to version 7 or higher.  Older versions may use Math.random() in certain circumstances, which is known to be problematic.  See https://v8.dev/blog/math-random for details.
npm WARN deprecated uuid@3.4.0: Please upgrade  to version 7 or higher.  Older versions may use Math.random() in certain circumstances, which is known to be problematic.  See https://v8.dev/blog/math-random for details.
npm WARN deprecated request@2.88.2: request has been deprecated, see https://github.com/request/request/issues/3142
npm WARN deprecated @hapi/hoek@8.5.1: This version has been deprecated and is no longer supported or maintained
npm WARN deprecated @hapi/joi@15.1.1: Switch to 'npm install joi'
npm WARN deprecated svgo@1.3.2: This SVGO version is no longer supported. Upgrade to v2.x.x.
npm WARN deprecated core-js@2.6.12: core-js@<3.23.3 is no longer maintained and not recommended for usage due to the number of issues. Because of the V8 engine whims, feature detection in old core-js versions could cause a slowdown up to 100x even if nothing is polyfilled. Some versions have web compatibility issues. Please, upgrade your dependencies to the actual version of core-js.

added 2435 packages, and audited 2436 packages in 2m

219 packages are looking for funding
  run `npm fund` for details

178 vulnerabilities (1 low, 88 moderate, 66 high, 23 critical)

To address issues that do not require attention, run:
  npm audit fix

To address all issues possible (including breaking changes), run:
  npm audit fix --force

Some issues need review, and may require choosing
a different dependency.

Run `npm audit` for details.
[Pipeline] }
[Pipeline] // withEnv
[Pipeline] }
[Pipeline] // stage
[Pipeline] stage
[Pipeline] { (Test)
[Pipeline] tool
[Pipeline] envVarsForTool
[Pipeline] withEnv
[Pipeline] {
[Pipeline] sh
+ npm test -- --passWithNoTests

> apiwiz-crm@0.1.0 test
> react-scripts test --passWithNoTests

No tests found, exiting with code 0
[Pipeline] }
[Pipeline] // withEnv
[Pipeline] }
[Pipeline] // stage
[Pipeline] stage
[Pipeline] { (Docker Build)
[Pipeline] tool
[Pipeline] envVarsForTool
[Pipeline] withEnv
[Pipeline] {
[Pipeline] script
[Pipeline] {
[Pipeline] isUnix
[Pipeline] withEnv
[Pipeline] {
[Pipeline] sh
+ docker build -t prathi2n/wizdesk:latest .
#0 building with "default" instance using docker driver

#1 [internal] load build definition from Dockerfile
#1 transferring dockerfile: 454B 0.0s done
#1 DONE 0.0s

#2 [internal] load metadata for docker.io/library/node:16
#2 DONE 1.5s

#3 [internal] load .dockerignore
#3 transferring context: 2B done
#3 DONE 0.0s

#4 [1/5] FROM docker.io/library/node:16@sha256:f77a1aef2da8d83e45ec990f45df50f1a286c5fe8bbfb8c6e4246c6389705c0b
#4 DONE 0.0s

#5 [internal] load build context
#5 transferring context: 56.06MB 5.1s
#5 transferring context: 129.64MB 10.2s
#5 transferring context: 159.78MB 15.3s
#5 transferring context: 209.59MB 20.4s
#5 transferring context: 237.08MB 25.4s
#5 transferring context: 324.55MB 28.9s done
#5 DONE 29.1s

#6 [2/5] WORKDIR /app
#6 CACHED

#7 [3/5] COPY package*.json ./
#7 CACHED

#8 [4/5] RUN npm install
#8 CACHED

#9 [5/5] COPY . .
#9 DONE 55.8s

#10 exporting to image
#10 exporting layers
#10 exporting layers 52.6s done
#10 writing image sha256:c02aa1d168d341df29bbc24bfe3d4198fd0249e0d90bfbcfe1fdf3d8b6cf4fb6 done
#10 naming to docker.io/prathi2n/wizdesk:latest 0.0s done
#10 DONE 52.7s
[Pipeline] }
[Pipeline] // withEnv
[Pipeline] }
[Pipeline] // script
[Pipeline] }
[Pipeline] // withEnv
[Pipeline] }
[Pipeline] // stage
[Pipeline] stage
[Pipeline] { (Docker Push)
[Pipeline] tool
[Pipeline] envVarsForTool
[Pipeline] withEnv
[Pipeline] {
[Pipeline] script
[Pipeline] {
[Pipeline] withEnv
[Pipeline] {
[Pipeline] withDockerRegistry
$ docker login -u prathi2n -p ******** https://registry.hub.docker.com
WARNING! Using --password via the CLI is insecure. Use --password-stdin.
WARNING! Your password will be stored unencrypted in /var/lib/jenkins/workspace/take-home-jenkins-pipeline@tmp/d59e00e2-302c-4158-9780-a23450452687/config.json.
Configure a credential helper to remove this warning. See
https://docs.docker.com/engine/reference/commandline/login/#credentials-store

Login Succeeded
[Pipeline] {
[Pipeline] isUnix
[Pipeline] withEnv
[Pipeline] {
[Pipeline] sh
+ docker tag prathi2n/wizdesk:latest registry.hub.docker.com/prathi2n/wizdesk:latest
[Pipeline] }
[Pipeline] // withEnv
[Pipeline] isUnix
[Pipeline] withEnv
[Pipeline] {
[Pipeline] sh
+ docker push registry.hub.docker.com/prathi2n/wizdesk:latest
The push refers to repository [registry.hub.docker.com/prathi2n/wizdesk]
7c8f2283798f: Preparing
b7962c0e7842: Preparing
b3bdba8c789c: Preparing
866827e76c5e: Preparing
be322b479aee: Preparing
d41bcd3a037b: Preparing
fe0d845e767b: Preparing
f25ec1d93a58: Preparing
794ce8b1b516: Preparing
3220beed9b06: Preparing
684f82921421: Preparing
9af5f53e8f62: Preparing
d41bcd3a037b: Waiting
fe0d845e767b: Waiting
f25ec1d93a58: Waiting
794ce8b1b516: Waiting
3220beed9b06: Waiting
684f82921421: Waiting
9af5f53e8f62: Waiting
be322b479aee: Layer already exists
b3bdba8c789c: Layer already exists
866827e76c5e: Layer already exists
d41bcd3a037b: Layer already exists
b7962c0e7842: Layer already exists
fe0d845e767b: Layer already exists
f25ec1d93a58: Layer already exists
794ce8b1b516: Layer already exists
3220beed9b06: Layer already exists
684f82921421: Layer already exists
9af5f53e8f62: Layer already exists
7c8f2283798f: Pushed
latest: digest: sha256:7cf956513a15210828dbb8c4a19a20c046512fc0d940e4faf385ea1e08229cae size: 2846
[Pipeline] }
[Pipeline] // withEnv
[Pipeline] }
[Pipeline] // withDockerRegistry
[Pipeline] }
[Pipeline] // withEnv
[Pipeline] }
[Pipeline] // script
[Pipeline] }
[Pipeline] // withEnv
[Pipeline] }
[Pipeline] // stage
[Pipeline] stage
[Pipeline] { (Deploy to Kubernetes)
[Pipeline] tool
[Pipeline] envVarsForTool
[Pipeline] withEnv
[Pipeline] {
[Pipeline] script
[Pipeline] {
[Pipeline] withKubeConfig
[Pipeline] {
[Pipeline] sh
+ kubectl apply -f k8s/deployment.yaml
Error from server (Forbidden): <html><head><meta http-equiv='refresh' content='1;url=/login?from=%2Fswagger-2.0.0.pb-v1%3Ftimeout%3D32s'/><script id='redirect' data-redirect-url='/login?from=%2Fswagger-2.0.0.pb-v1%3Ftimeout%3D32s' src='/static/e58391b5/scripts/redirect.js'></script></head><body style='background-color:white; color:white;'>
Authentication required
<!--
-->

</body></html>
[Pipeline] }
[kubernetes-cli] kubectl configuration cleaned up
[Pipeline] // withKubeConfig
[Pipeline] }
[Pipeline] // script
[Pipeline] }
[Pipeline] // withEnv
[Pipeline] }
[Pipeline] // stage
[Pipeline] stage
[Pipeline] { (Declarative: Post Actions)
[Pipeline] cleanWs
[WS-CLEANUP] Deleting project workspace...
[WS-CLEANUP] Deferred wipeout is used...
[WS-CLEANUP] done
[Pipeline] }
[Pipeline] // stage
[Pipeline] }
[Pipeline] // withEnv
[Pipeline] }
[Pipeline] // withEnv
[Pipeline] }
[Pipeline] // withCredentials
[Pipeline] }
[Pipeline] // withEnv
[Pipeline] }
[Pipeline] // node
[Pipeline] End of Pipeline
ERROR: script returned exit code 1
Finished: FAILURE